SF:lib/features/dashboard/data/datasource/dashboard_remote_datasource.dart
DA:16,2
DA:18,1
DA:21,2
DA:23,1
DA:29,1
DA:30,2
DA:31,1
DA:32,1
DA:34,1
DA:35,1
DA:43,3
DA:44,1
DA:49,1
DA:52,2
DA:53,1
DA:54,1
DA:60,1
DA:61,2
DA:62,1
DA:63,1
DA:65,1
DA:66,1
DA:74,3
DA:75,1
LF:24
LH:24
end_of_record
SF:lib/shared/domain/models/response.dart
DA:9,5
DA:11,1
DA:13,4
DA:18,2
LF:4
LH:4
end_of_record
SF:lib/shared/exceptions/http_exception.dart
DA:10,10
DA:15,1
DA:17,4
DA:22,1
DA:25,1
DA:28,1
DA:31,1
DA:32,4
DA:38,2
LF:9
LH:9
end_of_record
SF:lib/shared/domain/models/paginated_response.dart
DA:12,4
DA:15,4
DA:17,4
DA:18,4
DA:19,4
DA:22,1
DA:24,5
LF:7
LH:7
end_of_record
SF:lib/shared/domain/models/parse_response.dart
DA:6,1
DA:17,1
DA:19,1
DA:20,2
DA:21,1
DA:22,1
DA:23,1
LF:7
LH:7
end_of_record
SF:lib/shared/domain/models/product/product_model.dart
DA:24,6
LF:1
LH:1
end_of_record
SF:lib/shared/domain/models/product/product_model.g.dart
DA:9,6
DA:10,3
DA:11,3
DA:12,3
DA:13,3
DA:14,3
DA:15,3
DA:16,5
DA:18,5
DA:19,3
DA:20,3
DA:21,3
DA:22,4
DA:23,2
DA:27,1
DA:28,1
DA:29,1
DA:30,1
DA:31,1
DA:32,1
DA:33,1
DA:34,1
DA:35,1
DA:36,1
DA:37,1
DA:38,1
DA:39,1
LF:27
LH:27
end_of_record
SF:lib/shared/globals.dart
DA:3,20
LF:1
LH:1
end_of_record
SF:lib/shared/data/remote/dio_network_service.dart
DA:13,5
DA:15,5
DA:16,0
DA:18,0
DA:19,0
DA:24,2
DA:25,1
DA:26,1
DA:28,1
DA:31,1
DA:32,1
DA:37,1
DA:39,2
DA:40,1
DA:41,0
DA:46,1
DA:49,1
DA:50,3
DA:59,1
DA:62,1
DA:63,3
LF:21
LH:17
end_of_record
SF:lib/shared/mixins/exception_handler_mixin.dart
DA:12,2
DA:17,2
DA:18,2
DA:19,2
DA:20,2
DA:21,2
DA:22,2
DA:29,6
DA:30,2
DA:31,2
DA:35,2
DA:38,2
DA:40,2
DA:42,4
DA:48,2
DA:50,2
DA:51,2
LF:17
LH:17
end_of_record
SF:lib/shared/domain/models/user/user_model.dart
DA:13,5
DA:25,1
DA:26,1
DA:27,1
DA:28,1
DA:29,1
DA:30,1
DA:31,1
DA:32,1
DA:33,1
DA:34,1
DA:35,1
DA:38,3
DA:39,3
DA:40,3
DA:41,3
DA:42,3
DA:43,3
DA:44,3
DA:45,3
DA:46,3
DA:47,3
DA:48,3
DA:52,10
DA:53,5
DA:54,5
DA:55,5
DA:56,5
DA:57,5
DA:58,5
DA:59,5
DA:60,5
DA:61,5
DA:64,1
DA:75,1
DA:76,1
DA:77,1
DA:78,1
DA:79,1
DA:80,1
DA:81,1
DA:82,1
DA:83,1
DA:84,1
LF:44
LH:44
end_of_record
SF:lib/features/dashboard/data/repositories/dashboard_repository.dart
DA:9,2
DA:11,1
DA:14,2
DA:17,1
DA:20,2
LF:5
LH:5
end_of_record
SF:lib/features/dashboard/domain/providers/dashboard_providers.dart
DA:8,2
DA:9,1
DA:10,2
DA:13,4
DA:14,2
DA:15,3
DA:16,1
LF:7
LH:7
end_of_record
SF:lib/shared/domain/providers/dio_network_service_provider.dart
DA:5,9
DA:6,3
DA:7,3
DA:8,3
LF:4
LH:4
end_of_record
SF:lib/features/dashboard/presentation/providers/state/dashboard_notifier.dart
DA:13,1
DA:15,1
DA:16,1
DA:17,6
DA:18,1
DA:19,4
DA:20,3
DA:21,3
DA:25,5
DA:27,1
DA:29,3
DA:37,1
DA:38,4
DA:39,3
DA:40,3
DA:44,2
DA:45,3
DA:49,1
DA:51,3
DA:59,1
DA:60,2
DA:61,3
DA:63,1
DA:66,1
DA:67,5
DA:69,4
DA:71,3
DA:73,3
DA:77,1
DA:78,2
DA:79,1
DA:85,1
DA:86,1
LF:33
LH:33
end_of_record
SF:lib/features/dashboard/presentation/providers/state/dashboard_state.dart
DA:22,4
DA:32,3
DA:42,2
DA:51,2
DA:52,1
DA:53,2
DA:54,2
DA:55,2
DA:56,2
DA:57,1
DA:58,1
DA:62,1
DA:64,9
DA:67,1
DA:68,6
LF:15
LH:15
end_of_record
SF:lib/features/authentication/data/datasource/auth_remote_data_source.dart
DA:13,2
DA:15,1
DA:18,2
DA:20,1
DA:22,1
DA:23,1
DA:24,1
DA:26,1
DA:27,2
DA:29,2
DA:30,2
DA:33,1
DA:37,1
DA:38,1
DA:41,2
LF:15
LH:15
end_of_record
SF:lib/features/authentication/data/repositories/atuhentication_repository_impl.dart
DA:10,2
DA:12,1
DA:14,2
LF:3
LH:3
end_of_record
SF:lib/features/authentication/domain/providers/login_provider.dart
DA:8,2
DA:9,1
DA:10,2
DA:13,3
DA:14,1
DA:15,2
DA:17,3
DA:18,1
LF:8
LH:8
end_of_record
SF:lib/features/authentication/presentation/providers/state/auth_notifier.dart
DA:12,1
DA:15,1
DA:17,1
DA:18,1
DA:19,2
DA:20,1
DA:23,2
DA:24,2
DA:25,1
DA:26,2
DA:30,2
LF:11
LH:11
end_of_record
SF:lib/shared/data/local/shared_prefs_storage_service.dart
DA:12,1
DA:14,3
DA:17,1
DA:18,1
DA:20,1
DA:22,3
DA:23,2
DA:26,1
DA:28,3
DA:29,2
DA:32,1
DA:34,3
DA:35,2
DA:38,1
DA:40,3
DA:41,2
DA:44,1
DA:46,3
DA:47,3
LF:19
LH:19
end_of_record
SF:lib/services/user_cache_service/data/datasource/user_local_datasource.dart
DA:19,1
DA:23,1
DA:26,1
DA:28,3
DA:30,1
DA:31,1
DA:38,2
DA:40,2
DA:43,1
DA:45,5
DA:48,1
DA:50,3
DA:53,1
DA:55,3
LF:14
LH:14
end_of_record
